<?xml version="1.0" encoding="UTF-8"?>
<coverage generated="1606343705984" clover="3.2.0">
  <project timestamp="1606343705984" name="All files">
    <metrics statements="67" coveredstatements="59" conditionals="20" coveredconditionals="18" methods="40" coveredmethods="35" elements="127" coveredelements="112" complexity="0" loc="67" ncloc="67" packages="2" files="10" classes="10"/>
    <package name="src">
      <metrics statements="55" coveredstatements="49" conditionals="16" coveredconditionals="14" methods="28" coveredmethods="25"/>
      <file name="App.jsx" path="/Users/nathankelleher-crew/Desktop/FEC/barnesandundignifiedreviews/client/src/App.jsx">
        <metrics statements="55" coveredstatements="49" conditionals="16" coveredconditionals="14" methods="28" coveredmethods="25"/>
        <line num="13" count="8" type="stmt"/>
        <line num="14" count="8" type="stmt"/>
        <line num="23" count="8" type="stmt"/>
        <line num="24" count="8" type="stmt"/>
        <line num="25" count="8" type="stmt"/>
        <line num="26" count="8" type="stmt"/>
        <line num="27" count="8" type="stmt"/>
        <line num="28" count="8" type="stmt"/>
        <line num="29" count="8" type="stmt"/>
        <line num="33" count="13" type="stmt"/>
        <line num="37" count="13" type="stmt"/>
        <line num="39" count="13" type="stmt"/>
        <line num="40" count="13" type="stmt"/>
        <line num="44" count="0" type="stmt"/>
        <line num="49" count="0" type="stmt"/>
        <line num="50" count="0" type="stmt"/>
        <line num="54" count="351" type="stmt"/>
        <line num="56" count="13" type="cond" truecount="1" falsecount="1"/>
        <line num="57" count="0" type="stmt"/>
        <line num="59" count="13" type="stmt"/>
        <line num="61" count="13" type="stmt"/>
        <line num="65" count="55" type="stmt"/>
        <line num="66" count="1269" type="cond" truecount="2" falsecount="0"/>
        <line num="67" count="658" type="stmt"/>
        <line num="69" count="611" type="stmt"/>
        <line num="72" count="55" type="stmt"/>
        <line num="76" count="1" type="cond" truecount="1" falsecount="1"/>
        <line num="77" count="0" type="stmt"/>
        <line num="79" count="1" type="stmt"/>
        <line num="81" count="1" type="stmt"/>
        <line num="85" count="0" type="stmt"/>
        <line num="90" count="8" type="cond" truecount="2" falsecount="0"/>
        <line num="91" count="5" type="stmt"/>
        <line num="92" count="5" type="stmt"/>
        <line num="93" count="5" type="stmt"/>
        <line num="96" count="3" type="cond" truecount="2" falsecount="0"/>
        <line num="97" count="1" type="stmt"/>
        <line num="98" count="1" type="stmt"/>
        <line num="99" count="1" type="stmt"/>
        <line num="100" count="1" type="stmt"/>
        <line num="101" count="1" type="stmt"/>
        <line num="106" count="2" type="stmt"/>
        <line num="107" count="2" type="stmt"/>
        <line num="108" count="2" type="stmt"/>
        <line num="109" count="2" type="stmt"/>
        <line num="110" count="2" type="stmt"/>
        <line num="118" count="17" type="cond" truecount="2" falsecount="0"/>
        <line num="119" count="10" type="stmt"/>
        <line num="121" count="7" type="cond" truecount="2" falsecount="0"/>
        <line num="122" count="2" type="stmt"/>
        <line num="123" count="2" type="stmt"/>
        <line num="126" count="5" type="stmt"/>
        <line num="127" count="5" type="stmt"/>
        <line num="133" count="55" type="stmt"/>
        <line num="141" count="383" type="stmt"/>
      </file>
    </package>
    <package name="src.components">
      <metrics statements="12" coveredstatements="10" conditionals="4" coveredconditionals="4" methods="12" coveredmethods="10"/>
      <file name="BreakdownBox.jsx" path="/Users/nathankelleher-crew/Desktop/FEC/barnesandundignifiedreviews/client/src/components/BreakdownBox.jsx">
        <metrics statements="1" coveredstatements="1" conditionals="0" coveredconditionals="0" methods="1" coveredmethods="1"/>
        <line num="6" count="55" type="stmt"/>
      </file>
      <file name="HelpfulVoter.jsx" path="/Users/nathankelleher-crew/Desktop/FEC/barnesandundignifiedreviews/client/src/components/HelpfulVoter.jsx">
        <metrics statements="3" coveredstatements="1" conditionals="0" coveredconditionals="0" methods="3" coveredmethods="1"/>
        <line num="4" count="383" type="stmt"/>
        <line num="9" count="0" type="stmt"/>
        <line num="12" count="0" type="stmt"/>
      </file>
      <file name="NavBar.jsx" path="/Users/nathankelleher-crew/Desktop/FEC/barnesandundignifiedreviews/client/src/components/NavBar.jsx">
        <metrics statements="1" coveredstatements="1" conditionals="0" coveredconditionals="0" methods="1" coveredmethods="1"/>
        <line num="4" count="55" type="stmt"/>
      </file>
      <file name="Review.jsx" path="/Users/nathankelleher-crew/Desktop/FEC/barnesandundignifiedreviews/client/src/components/Review.jsx">
        <metrics statements="1" coveredstatements="1" conditionals="0" coveredconditionals="0" methods="1" coveredmethods="1"/>
        <line num="6" count="383" type="stmt"/>
      </file>
      <file name="ReviewAuthorSummary.jsx" path="/Users/nathankelleher-crew/Desktop/FEC/barnesandundignifiedreviews/client/src/components/ReviewAuthorSummary.jsx">
        <metrics statements="1" coveredstatements="1" conditionals="0" coveredconditionals="0" methods="1" coveredmethods="1"/>
        <line num="4" count="383" type="stmt"/>
      </file>
      <file name="ReviewBody.jsx" path="/Users/nathankelleher-crew/Desktop/FEC/barnesandundignifiedreviews/client/src/components/ReviewBody.jsx">
        <metrics statements="2" coveredstatements="2" conditionals="4" coveredconditionals="4" methods="2" coveredmethods="2"/>
        <line num="8" count="383" type="stmt"/>
        <line num="39" count="1149" type="stmt"/>
      </file>
      <file name="SearchBar.jsx" path="/Users/nathankelleher-crew/Desktop/FEC/barnesandundignifiedreviews/client/src/components/SearchBar.jsx">
        <metrics statements="1" coveredstatements="1" conditionals="0" coveredconditionals="0" methods="1" coveredmethods="1"/>
        <line num="6" count="55" type="stmt"/>
      </file>
      <file name="SearchBox.jsx" path="/Users/nathankelleher-crew/Desktop/FEC/barnesandundignifiedreviews/client/src/components/SearchBox.jsx">
        <metrics statements="1" coveredstatements="1" conditionals="0" coveredconditionals="0" methods="1" coveredmethods="1"/>
        <line num="6" count="55" type="stmt"/>
      </file>
      <file name="SortBar.jsx" path="/Users/nathankelleher-crew/Desktop/FEC/barnesandundignifiedreviews/client/src/components/SortBar.jsx">
        <metrics statements="1" coveredstatements="1" conditionals="0" coveredconditionals="0" methods="1" coveredmethods="1"/>
        <line num="4" count="55" type="stmt"/>
      </file>
    </package>
  </project>
</coverage>
