<?xml version="1.0" encoding="UTF-8"?>
<coverage generated="1618475351078" clover="3.2.0">
  <project timestamp="1618475351078" name="All files">
    <metrics statements="186" coveredstatements="125" conditionals="62" coveredconditionals="38" methods="73" coveredmethods="49" elements="321" coveredelements="212" complexity="0" loc="186" ncloc="186" packages="3" files="15" classes="15"/>
    <package name="spec">
      <metrics statements="1" coveredstatements="1" conditionals="0" coveredconditionals="0" methods="0" coveredmethods="0"/>
      <file name="mockReviews.js" path="/Users/nathankelleher-crew/Desktop/FEC/barnesandundignifiedreviews/client/spec/mockReviews.js">
        <metrics statements="1" coveredstatements="1" conditionals="0" coveredconditionals="0" methods="0" coveredmethods="0"/>
        <line num="1" count="1" type="stmt"/>
      </file>
    </package>
    <package name="src">
      <metrics statements="155" coveredstatements="109" conditionals="50" coveredconditionals="30" methods="49" coveredmethods="38"/>
      <file name="App.jsx" path="/Users/nathankelleher-crew/Desktop/FEC/barnesandundignifiedreviews/client/src/App.jsx">
        <metrics statements="155" coveredstatements="109" conditionals="50" coveredconditionals="30" methods="49" coveredmethods="38"/>
        <line num="14" count="13" type="stmt"/>
        <line num="15" count="13" type="stmt"/>
        <line num="26" count="13" type="stmt"/>
        <line num="27" count="13" type="stmt"/>
        <line num="28" count="13" type="stmt"/>
        <line num="29" count="13" type="stmt"/>
        <line num="30" count="13" type="stmt"/>
        <line num="31" count="13" type="stmt"/>
        <line num="32" count="13" type="stmt"/>
        <line num="33" count="13" type="stmt"/>
        <line num="34" count="13" type="stmt"/>
        <line num="35" count="13" type="stmt"/>
        <line num="36" count="13" type="stmt"/>
        <line num="37" count="13" type="stmt"/>
        <line num="38" count="13" type="stmt"/>
        <line num="39" count="13" type="stmt"/>
        <line num="40" count="13" type="stmt"/>
        <line num="41" count="13" type="stmt"/>
        <line num="42" count="13" type="stmt"/>
        <line num="43" count="13" type="stmt"/>
        <line num="47" count="23" type="stmt"/>
        <line num="51" count="0" type="stmt"/>
        <line num="52" count="0" type="stmt"/>
        <line num="56" count="23" type="stmt"/>
        <line num="57" count="23" type="stmt"/>
        <line num="58" count="23" type="stmt"/>
        <line num="60" count="23" type="stmt"/>
        <line num="62" count="23" type="stmt"/>
        <line num="63" count="23" type="stmt"/>
        <line num="67" count="0" type="stmt"/>
        <line num="73" count="621" type="stmt"/>
        <line num="75" count="23" type="cond" truecount="1" falsecount="1"/>
        <line num="76" count="0" type="stmt"/>
        <line num="78" count="23" type="stmt"/>
        <line num="80" count="23" type="stmt"/>
        <line num="89" count="23" type="stmt"/>
        <line num="93" count="115" type="stmt"/>
        <line num="94" count="115" type="cond" truecount="1" falsecount="1"/>
        <line num="95" count="115" type="stmt"/>
        <line num="96" count="3105" type="cond" truecount="2" falsecount="0"/>
        <line num="97" count="621" type="stmt"/>
        <line num="101" count="115" type="stmt"/>
        <line num="105" count="85" type="stmt"/>
        <line num="106" count="1944" type="cond" truecount="2" falsecount="0"/>
        <line num="107" count="1008" type="stmt"/>
        <line num="109" count="936" type="stmt"/>
        <line num="112" count="85" type="stmt"/>
        <line num="117" count="0" type="cond" truecount="0" falsecount="2"/>
        <line num="118" count="0" type="stmt"/>
        <line num="121" count="0" type="cond" truecount="0" falsecount="2"/>
        <line num="122" count="0" type="stmt"/>
        <line num="123" count="0" type="stmt"/>
        <line num="124" count="0" type="stmt"/>
        <line num="128" count="0" type="stmt"/>
        <line num="129" count="0" type="stmt"/>
        <line num="130" count="0" type="stmt"/>
        <line num="131" count="0" type="stmt"/>
        <line num="132" count="0" type="stmt"/>
        <line num="133" count="0" type="stmt"/>
        <line num="134" count="0" type="stmt"/>
        <line num="135" count="0" type="stmt"/>
        <line num="142" count="0" type="cond" truecount="0" falsecount="2"/>
        <line num="143" count="0" type="stmt"/>
        <line num="145" count="0" type="stmt"/>
        <line num="146" count="0" type="stmt"/>
        <line num="147" count="0" type="stmt"/>
        <line num="148" count="0" type="cond" truecount="0" falsecount="2"/>
        <line num="149" count="0" type="stmt"/>
        <line num="152" count="0" type="stmt"/>
        <line num="153" count="0" type="stmt"/>
        <line num="154" count="0" type="stmt"/>
        <line num="155" count="0" type="cond" truecount="0" falsecount="2"/>
        <line num="156" count="0" type="stmt"/>
        <line num="159" count="0" type="stmt"/>
        <line num="160" count="0" type="stmt"/>
        <line num="165" count="0" type="stmt"/>
        <line num="166" count="0" type="stmt"/>
        <line num="167" count="0" type="stmt"/>
        <line num="171" count="0" type="stmt"/>
        <line num="172" count="0" type="stmt"/>
        <line num="173" count="0" type="cond" truecount="0" falsecount="2"/>
        <line num="174" count="0" type="stmt"/>
        <line num="177" count="0" type="stmt"/>
        <line num="181" count="5" type="stmt"/>
        <line num="182" count="5" type="cond" truecount="10" falsecount="0"/>
        <line num="185" count="1" type="stmt"/>
        <line num="186" count="1" type="stmt"/>
        <line num="189" count="1" type="stmt"/>
        <line num="190" count="1" type="stmt"/>
        <line num="193" count="1" type="stmt"/>
        <line num="194" count="1" type="stmt"/>
        <line num="197" count="1" type="stmt"/>
        <line num="198" count="1" type="stmt"/>
        <line num="201" count="1" type="stmt"/>
        <line num="206" count="1" type="stmt"/>
        <line num="207" count="93" type="stmt"/>
        <line num="208" count="1" type="stmt"/>
        <line num="209" count="1" type="stmt"/>
        <line num="213" count="1" type="stmt"/>
        <line num="214" count="94" type="stmt"/>
        <line num="215" count="1" type="stmt"/>
        <line num="216" count="1" type="stmt"/>
        <line num="220" count="1" type="stmt"/>
        <line num="221" count="94" type="stmt"/>
        <line num="222" count="1" type="stmt"/>
        <line num="223" count="1" type="stmt"/>
        <line num="227" count="1" type="stmt"/>
        <line num="228" count="95" type="stmt"/>
        <line num="229" count="1" type="stmt"/>
        <line num="230" count="1" type="stmt"/>
        <line num="234" count="1" type="stmt"/>
        <line num="235" count="91" type="stmt"/>
        <line num="236" count="1" type="stmt"/>
        <line num="237" count="1" type="stmt"/>
        <line num="241" count="1" type="cond" truecount="1" falsecount="1"/>
        <line num="242" count="0" type="stmt"/>
        <line num="244" count="1" type="stmt"/>
        <line num="245" count="1" type="stmt"/>
        <line num="246" count="1" type="stmt"/>
        <line num="247" count="1" type="stmt"/>
        <line num="249" count="1" type="stmt"/>
        <line num="250" count="1" type="stmt"/>
        <line num="251" count="1" type="stmt"/>
        <line num="252" count="8" type="cond" truecount="1" falsecount="1"/>
        <line num="253" count="0" type="stmt"/>
        <line num="254" count="0" type="stmt"/>
        <line num="257" count="1" type="stmt"/>
        <line num="258" count="1" type="cond" truecount="1" falsecount="1"/>
        <line num="259" count="0" type="cond" truecount="0" falsecount="2"/>
        <line num="260" count="0" type="stmt"/>
        <line num="265" count="0" type="stmt"/>
        <line num="270" count="8" type="cond" truecount="2" falsecount="0"/>
        <line num="271" count="5" type="stmt"/>
        <line num="272" count="5" type="stmt"/>
        <line num="273" count="5" type="stmt"/>
        <line num="276" count="3" type="cond" truecount="2" falsecount="0"/>
        <line num="277" count="1" type="stmt"/>
        <line num="278" count="1" type="stmt"/>
        <line num="279" count="1" type="stmt"/>
        <line num="280" count="1" type="stmt"/>
        <line num="281" count="1" type="stmt"/>
        <line num="286" count="2" type="stmt"/>
        <line num="287" count="2" type="stmt"/>
        <line num="288" count="2" type="stmt"/>
        <line num="289" count="2" type="stmt"/>
        <line num="290" count="2" type="stmt"/>
        <line num="298" count="17" type="cond" truecount="2" falsecount="0"/>
        <line num="299" count="10" type="stmt"/>
        <line num="301" count="7" type="cond" truecount="2" falsecount="0"/>
        <line num="302" count="2" type="stmt"/>
        <line num="303" count="2" type="stmt"/>
        <line num="306" count="5" type="stmt"/>
        <line num="307" count="5" type="stmt"/>
        <line num="313" count="85" type="stmt"/>
        <line num="324" count="583" type="stmt"/>
      </file>
    </package>
    <package name="src.components">
      <metrics statements="30" coveredstatements="15" conditionals="12" coveredconditionals="8" methods="24" coveredmethods="11"/>
      <file name="BreakdownBox.jsx" path="/Users/nathankelleher-crew/Desktop/FEC/barnesandundignifiedreviews/client/src/components/BreakdownBox.jsx">
        <metrics statements="1" coveredstatements="1" conditionals="0" coveredconditionals="0" methods="1" coveredmethods="1"/>
        <line num="8" count="85" type="stmt"/>
      </file>
      <file name="ClearAllButton.jsx" path="/Users/nathankelleher-crew/Desktop/FEC/barnesandundignifiedreviews/client/src/components/ClearAllButton.jsx">
        <metrics statements="1" coveredstatements="0" conditionals="0" coveredconditionals="0" methods="1" coveredmethods="0"/>
        <line num="5" count="0" type="stmt"/>
      </file>
      <file name="Filter.jsx" path="/Users/nathankelleher-crew/Desktop/FEC/barnesandundignifiedreviews/client/src/components/Filter.jsx">
        <metrics statements="5" coveredstatements="0" conditionals="2" coveredconditionals="0" methods="3" coveredmethods="0"/>
        <line num="5" count="0" type="cond" truecount="0" falsecount="2"/>
        <line num="6" count="0" type="stmt"/>
        <line num="7" count="0" type="stmt"/>
        <line num="12" count="0" type="stmt"/>
        <line num="13" count="0" type="stmt"/>
      </file>
      <file name="Filters.jsx" path="/Users/nathankelleher-crew/Desktop/FEC/barnesandundignifiedreviews/client/src/components/Filters.jsx">
        <metrics statements="2" coveredstatements="0" conditionals="0" coveredconditionals="0" methods="2" coveredmethods="0"/>
        <line num="6" count="0" type="stmt"/>
        <line num="13" count="0" type="stmt"/>
      </file>
      <file name="HelpfulVoter.jsx" path="/Users/nathankelleher-crew/Desktop/FEC/barnesandundignifiedreviews/client/src/components/HelpfulVoter.jsx">
        <metrics statements="3" coveredstatements="1" conditionals="4" coveredconditionals="2" methods="3" coveredmethods="1"/>
        <line num="4" count="583" type="stmt"/>
        <line num="9" count="0" type="cond" truecount="1" falsecount="1"/>
        <line num="12" count="0" type="cond" truecount="1" falsecount="1"/>
      </file>
      <file name="NavBar.jsx" path="/Users/nathankelleher-crew/Desktop/FEC/barnesandundignifiedreviews/client/src/components/NavBar.jsx">
        <metrics statements="1" coveredstatements="1" conditionals="0" coveredconditionals="0" methods="1" coveredmethods="1"/>
        <line num="5" count="85" type="stmt"/>
      </file>
      <file name="Review.jsx" path="/Users/nathankelleher-crew/Desktop/FEC/barnesandundignifiedreviews/client/src/components/Review.jsx">
        <metrics statements="1" coveredstatements="1" conditionals="0" coveredconditionals="0" methods="1" coveredmethods="1"/>
        <line num="6" count="583" type="stmt"/>
      </file>
      <file name="ReviewAuthorSummary.jsx" path="/Users/nathankelleher-crew/Desktop/FEC/barnesandundignifiedreviews/client/src/components/ReviewAuthorSummary.jsx">
        <metrics statements="1" coveredstatements="1" conditionals="0" coveredconditionals="0" methods="1" coveredmethods="1"/>
        <line num="4" count="583" type="stmt"/>
      </file>
      <file name="ReviewBody.jsx" path="/Users/nathankelleher-crew/Desktop/FEC/barnesandundignifiedreviews/client/src/components/ReviewBody.jsx">
        <metrics statements="5" coveredstatements="5" conditionals="6" coveredconditionals="6" methods="2" coveredmethods="2"/>
        <line num="8" count="1" type="stmt"/>
        <line num="11" count="583" type="stmt"/>
        <line num="42" count="1749" type="cond" truecount="2" falsecount="0"/>
        <line num="43" count="1166" type="stmt"/>
        <line num="49" count="583" type="stmt"/>
      </file>
      <file name="SearchBar.jsx" path="/Users/nathankelleher-crew/Desktop/FEC/barnesandundignifiedreviews/client/src/components/SearchBar.jsx">
        <metrics statements="1" coveredstatements="1" conditionals="0" coveredconditionals="0" methods="1" coveredmethods="1"/>
        <line num="5" count="85" type="stmt"/>
      </file>
      <file name="SearchBox.jsx" path="/Users/nathankelleher-crew/Desktop/FEC/barnesandundignifiedreviews/client/src/components/SearchBox.jsx">
        <metrics statements="1" coveredstatements="1" conditionals="0" coveredconditionals="0" methods="1" coveredmethods="1"/>
        <line num="6" count="85" type="stmt"/>
      </file>
      <file name="SnapshotBars.jsx" path="/Users/nathankelleher-crew/Desktop/FEC/barnesandundignifiedreviews/client/src/components/SnapshotBars.jsx">
        <metrics statements="6" coveredstatements="1" conditionals="0" coveredconditionals="0" methods="6" coveredmethods="1"/>
        <line num="4" count="85" type="stmt"/>
        <line num="10" count="0" type="stmt"/>
        <line num="22" count="0" type="stmt"/>
        <line num="34" count="0" type="stmt"/>
        <line num="46" count="0" type="stmt"/>
        <line num="58" count="0" type="stmt"/>
      </file>
      <file name="SortBar.jsx" path="/Users/nathankelleher-crew/Desktop/FEC/barnesandundignifiedreviews/client/src/components/SortBar.jsx">
        <metrics statements="2" coveredstatements="2" conditionals="0" coveredconditionals="0" methods="1" coveredmethods="1"/>
        <line num="4" count="1" type="stmt"/>
        <line num="33" count="85" type="stmt"/>
      </file>
    </package>
  </project>
</coverage>
