{"/Users/nathankelleher-crew/Desktop/FEC/barnesandundignifiedreviews/client/src/App.jsx": {"path":"/Users/nathankelleher-crew/Desktop/FEC/barnesandundignifiedreviews/client/src/App.jsx","statementMap":{"0":{"start":{"line":13,"column":6},"end":{"line":13,"column":18}},"1":{"start":{"line":14,"column":6},"end":{"line":22,"column":7}},"2":{"start":{"line":23,"column":6},"end":{"line":23,"column":51}},"3":{"start":{"line":24,"column":6},"end":{"line":24,"column":69}},"4":{"start":{"line":25,"column":6},"end":{"line":25,"column":77}},"5":{"start":{"line":26,"column":6},"end":{"line":26,"column":67}},"6":{"start":{"line":27,"column":6},"end":{"line":27,"column":63}},"7":{"start":{"line":28,"column":6},"end":{"line":28,"column":73}},"8":{"start":{"line":29,"column":6},"end":{"line":29,"column":75}},"9":{"start":{"line":33,"column":4},"end":{"line":33,"column":22}},"10":{"start":{"line":37,"column":4},"end":{"line":46,"column":6}},"11":{"start":{"line":39,"column":6},"end":{"line":42,"column":9}},"12":{"start":{"line":40,"column":8},"end":{"line":40,"column":32}},"13":{"start":{"line":41,"column":8},"end":{"line":41,"column":35}},"14":{"start":{"line":45,"column":6},"end":{"line":45,"column":60}},"15":{"start":{"line":50,"column":4},"end":{"line":50,"column":23}},"16":{"start":{"line":51,"column":4},"end":{"line":51,"column":43}},"17":{"start":{"line":55,"column":16},"end":{"line":55,"column":93}},"18":{"start":{"line":55,"column":63},"end":{"line":55,"column":89}},"19":{"start":{"line":57,"column":4},"end":{"line":61,"column":5}},"20":{"start":{"line":58,"column":6},"end":{"line":58,"column":12}},"21":{"start":{"line":60,"column":16},"end":{"line":60,"column":50}},"22":{"start":{"line":62,"column":4},"end":{"line":62,"column":55}},"23":{"start":{"line":66,"column":16},"end":{"line":72,"column":8}},"24":{"start":{"line":67,"column":6},"end":{"line":71,"column":7}},"25":{"start":{"line":68,"column":8},"end":{"line":68,"column":23}},"26":{"start":{"line":70,"column":8},"end":{"line":70,"column":19}},"27":{"start":{"line":73,"column":4},"end":{"line":73,"column":17}},"28":{"start":{"line":77,"column":4},"end":{"line":79,"column":5}},"29":{"start":{"line":78,"column":6},"end":{"line":78,"column":13}},"30":{"start":{"line":80,"column":4},"end":{"line":88,"column":6}},"31":{"start":{"line":82,"column":6},"end":{"line":84,"column":9}},"32":{"start":{"line":83,"column":8},"end":{"line":83,"column":32}},"33":{"start":{"line":87,"column":6},"end":{"line":87,"column":40}},"34":{"start":{"line":92,"column":4},"end":{"line":94,"column":5}},"35":{"start":{"line":93,"column":6},"end":{"line":93,"column":13}},"36":{"start":{"line":95,"column":4},"end":{"line":103,"column":5}},"37":{"start":{"line":96,"column":6},"end":{"line":98,"column":9}},"38":{"start":{"line":97,"column":8},"end":{"line":97,"column":120}},"39":{"start":{"line":100,"column":6},"end":{"line":102,"column":8}},"40":{"start":{"line":101,"column":8},"end":{"line":101,"column":120}},"41":{"start":{"line":107,"column":4},"end":{"line":109,"column":5}},"42":{"start":{"line":108,"column":6},"end":{"line":108,"column":13}},"43":{"start":{"line":110,"column":4},"end":{"line":118,"column":5}},"44":{"start":{"line":111,"column":6},"end":{"line":113,"column":9}},"45":{"start":{"line":112,"column":8},"end":{"line":112,"column":120}},"46":{"start":{"line":115,"column":6},"end":{"line":117,"column":8}},"47":{"start":{"line":116,"column":8},"end":{"line":116,"column":120}},"48":{"start":{"line":122,"column":6},"end":{"line":135,"column":7}},"49":{"start":{"line":130,"column":16},"end":{"line":130,"column":89}}},"fnMap":{"0":{"name":"(anonymous_0)","decl":{"start":{"line":12,"column":2},"end":{"line":12,"column":3}},"loc":{"start":{"line":12,"column":21},"end":{"line":30,"column":3}},"line":12},"1":{"name":"(anonymous_1)","decl":{"start":{"line":32,"column":2},"end":{"line":32,"column":3}},"loc":{"start":{"line":32,"column":22},"end":{"line":34,"column":3}},"line":32},"2":{"name":"(anonymous_2)","decl":{"start":{"line":36,"column":2},"end":{"line":36,"column":3}},"loc":{"start":{"line":36,"column":15},"end":{"line":47,"column":3}},"line":36},"3":{"name":"(anonymous_3)","decl":{"start":{"line":38,"column":10},"end":{"line":38,"column":11}},"loc":{"start":{"line":38,"column":23},"end":{"line":43,"column":5}},"line":38},"4":{"name":"(anonymous_4)","decl":{"start":{"line":39,"column":164},"end":{"line":39,"column":165}},"loc":{"start":{"line":39,"column":170},"end":{"line":42,"column":7}},"line":39},"5":{"name":"(anonymous_5)","decl":{"start":{"line":44,"column":11},"end":{"line":44,"column":12}},"loc":{"start":{"line":44,"column":20},"end":{"line":46,"column":5}},"line":44},"6":{"name":"(anonymous_6)","decl":{"start":{"line":49,"column":2},"end":{"line":49,"column":3}},"loc":{"start":{"line":49,"column":24},"end":{"line":52,"column":3}},"line":49},"7":{"name":"(anonymous_7)","decl":{"start":{"line":54,"column":2},"end":{"line":54,"column":3}},"loc":{"start":{"line":54,"column":24},"end":{"line":63,"column":3}},"line":54},"8":{"name":"(anonymous_8)","decl":{"start":{"line":55,"column":45},"end":{"line":55,"column":46}},"loc":{"start":{"line":55,"column":62},"end":{"line":55,"column":90}},"line":55},"9":{"name":"(anonymous_9)","decl":{"start":{"line":65,"column":2},"end":{"line":65,"column":3}},"loc":{"start":{"line":65,"column":28},"end":{"line":74,"column":3}},"line":65},"10":{"name":"(anonymous_10)","decl":{"start":{"line":66,"column":45},"end":{"line":66,"column":46}},"loc":{"start":{"line":66,"column":62},"end":{"line":72,"column":5}},"line":66},"11":{"name":"(anonymous_11)","decl":{"start":{"line":76,"column":2},"end":{"line":76,"column":3}},"loc":{"start":{"line":76,"column":29},"end":{"line":89,"column":3}},"line":76},"12":{"name":"(anonymous_12)","decl":{"start":{"line":81,"column":10},"end":{"line":81,"column":11}},"loc":{"start":{"line":81,"column":16},"end":{"line":85,"column":5}},"line":81},"13":{"name":"(anonymous_13)","decl":{"start":{"line":82,"column":39},"end":{"line":82,"column":40}},"loc":{"start":{"line":82,"column":44},"end":{"line":84,"column":7}},"line":82},"14":{"name":"(anonymous_14)","decl":{"start":{"line":86,"column":11},"end":{"line":86,"column":12}},"loc":{"start":{"line":86,"column":20},"end":{"line":88,"column":5}},"line":86},"15":{"name":"(anonymous_15)","decl":{"start":{"line":91,"column":2},"end":{"line":91,"column":3}},"loc":{"start":{"line":91,"column":26},"end":{"line":104,"column":3}},"line":91},"16":{"name":"(anonymous_16)","decl":{"start":{"line":96,"column":93},"end":{"line":96,"column":94}},"loc":{"start":{"line":96,"column":99},"end":{"line":98,"column":7}},"line":96},"17":{"name":"(anonymous_17)","decl":{"start":{"line":100,"column":96},"end":{"line":100,"column":97}},"loc":{"start":{"line":100,"column":102},"end":{"line":102,"column":7}},"line":100},"18":{"name":"(anonymous_18)","decl":{"start":{"line":106,"column":2},"end":{"line":106,"column":3}},"loc":{"start":{"line":106,"column":27},"end":{"line":119,"column":3}},"line":106},"19":{"name":"(anonymous_19)","decl":{"start":{"line":111,"column":116},"end":{"line":111,"column":117}},"loc":{"start":{"line":111,"column":122},"end":{"line":113,"column":7}},"line":111},"20":{"name":"(anonymous_20)","decl":{"start":{"line":115,"column":96},"end":{"line":115,"column":97}},"loc":{"start":{"line":115,"column":102},"end":{"line":117,"column":7}},"line":115},"21":{"name":"(anonymous_21)","decl":{"start":{"line":121,"column":2},"end":{"line":121,"column":3}},"loc":{"start":{"line":121,"column":11},"end":{"line":136,"column":3}},"line":121},"22":{"name":"(anonymous_22)","decl":{"start":{"line":129,"column":46},"end":{"line":129,"column":47}},"loc":{"start":{"line":129,"column":58},"end":{"line":131,"column":15}},"line":129}},"branchMap":{"0":{"loc":{"start":{"line":57,"column":4},"end":{"line":61,"column":5}},"type":"if","locations":[{"start":{"line":57,"column":4},"end":{"line":61,"column":5}},{"start":{"line":57,"column":4},"end":{"line":61,"column":5}}],"line":57},"1":{"loc":{"start":{"line":67,"column":6},"end":{"line":71,"column":7}},"type":"if","locations":[{"start":{"line":67,"column":6},"end":{"line":71,"column":7}},{"start":{"line":67,"column":6},"end":{"line":71,"column":7}}],"line":67},"2":{"loc":{"start":{"line":77,"column":4},"end":{"line":79,"column":5}},"type":"if","locations":[{"start":{"line":77,"column":4},"end":{"line":79,"column":5}},{"start":{"line":77,"column":4},"end":{"line":79,"column":5}}],"line":77},"3":{"loc":{"start":{"line":92,"column":4},"end":{"line":94,"column":5}},"type":"if","locations":[{"start":{"line":92,"column":4},"end":{"line":94,"column":5}},{"start":{"line":92,"column":4},"end":{"line":94,"column":5}}],"line":92},"4":{"loc":{"start":{"line":95,"column":4},"end":{"line":103,"column":5}},"type":"if","locations":[{"start":{"line":95,"column":4},"end":{"line":103,"column":5}},{"start":{"line":95,"column":4},"end":{"line":103,"column":5}}],"line":95},"5":{"loc":{"start":{"line":107,"column":4},"end":{"line":109,"column":5}},"type":"if","locations":[{"start":{"line":107,"column":4},"end":{"line":109,"column":5}},{"start":{"line":107,"column":4},"end":{"line":109,"column":5}}],"line":107},"6":{"loc":{"start":{"line":110,"column":4},"end":{"line":118,"column":5}},"type":"if","locations":[{"start":{"line":110,"column":4},"end":{"line":118,"column":5}},{"start":{"line":110,"column":4},"end":{"line":118,"column":5}}],"line":110},"7":{"loc":{"start":{"line":128,"column":13},"end":{"line":131,"column":16}},"type":"binary-expr","locations":[{"start":{"line":128,"column":13},"end":{"line":128,"column":53}},{"start":{"line":129,"column":14},"end":{"line":131,"column":16}}],"line":128}},"s":{"0":1,"1":1,"2":1,"3":1,"4":1,"5":1,"6":1,"7":1,"8":1,"9":1,"10":1,"11":0,"12":0,"13":0,"14":0,"15":0,"16":0,"17":0,"18":0,"19":0,"20":0,"21":0,"22":0,"23":1,"24":0,"25":0,"26":0,"27":1,"28":0,"29":0,"30":0,"31":0,"32":0,"33":0,"34":0,"35":0,"36":0,"37":0,"38":0,"39":0,"40":0,"41":0,"42":0,"43":0,"44":0,"45":0,"46":0,"47":0,"48":1,"49":0},"f":{"0":1,"1":1,"2":1,"3":0,"4":0,"5":0,"6":0,"7":0,"8":0,"9":1,"10":0,"11":0,"12":0,"13":0,"14":0,"15":0,"16":0,"17":0,"18":0,"19":0,"20":0,"21":1,"22":0},"b":{"0":[0,0],"1":[0,0],"2":[0,0],"3":[0,0],"4":[0,0],"5":[0,0],"6":[0,0],"7":[1,0]},"_coverageSchema":"1a1c01bbd47fc00a2c39e90264f33305004495a9","hash":"6a9dd294615ee4f9ead96ef46de1ec5292aa3289"}
,"/Users/nathankelleher-crew/Desktop/FEC/barnesandundignifiedreviews/client/src/components/BreakdownBox.jsx": {"path":"/Users/nathankelleher-crew/Desktop/FEC/barnesandundignifiedreviews/client/src/components/BreakdownBox.jsx","statementMap":{"0":{"start":{"line":6,"column":2},"end":{"line":35,"column":3}}},"fnMap":{"0":{"name":"BreakdownBox","decl":{"start":{"line":5,"column":9},"end":{"line":5,"column":21}},"loc":{"start":{"line":5,"column":36},"end":{"line":36,"column":1}},"line":5}},"branchMap":{},"s":{"0":1},"f":{"0":1},"b":{},"_coverageSchema":"1a1c01bbd47fc00a2c39e90264f33305004495a9","hash":"1fccfe834dae219bb57a0c857252783cc69c07dc"}
,"/Users/nathankelleher-crew/Desktop/FEC/barnesandundignifiedreviews/client/src/components/HelpfulVoter.jsx": {"path":"/Users/nathankelleher-crew/Desktop/FEC/barnesandundignifiedreviews/client/src/components/HelpfulVoter.jsx","statementMap":{"0":{"start":{"line":4,"column":2},"end":{"line":19,"column":4}},"1":{"start":{"line":9,"column":23},"end":{"line":9,"column":58}},"2":{"start":{"line":12,"column":23},"end":{"line":12,"column":57}}},"fnMap":{"0":{"name":"HelpfulVoter","decl":{"start":{"line":3,"column":9},"end":{"line":3,"column":21}},"loc":{"start":{"line":3,"column":51},"end":{"line":20,"column":1}},"line":3},"1":{"name":"(anonymous_1)","decl":{"start":{"line":9,"column":18},"end":{"line":9,"column":19}},"loc":{"start":{"line":9,"column":22},"end":{"line":9,"column":59}},"line":9},"2":{"name":"(anonymous_2)","decl":{"start":{"line":12,"column":18},"end":{"line":12,"column":19}},"loc":{"start":{"line":12,"column":22},"end":{"line":12,"column":58}},"line":12}},"branchMap":{},"s":{"0":0,"1":0,"2":0},"f":{"0":0,"1":0,"2":0},"b":{},"_coverageSchema":"1a1c01bbd47fc00a2c39e90264f33305004495a9","hash":"6915a2462da184d4ec02d0089a3df1d6832a2ba3"}
,"/Users/nathankelleher-crew/Desktop/FEC/barnesandundignifiedreviews/client/src/components/NavBar.jsx": {"path":"/Users/nathankelleher-crew/Desktop/FEC/barnesandundignifiedreviews/client/src/components/NavBar.jsx","statementMap":{"0":{"start":{"line":4,"column":2},"end":{"line":14,"column":4}}},"fnMap":{"0":{"name":"NavBar","decl":{"start":{"line":3,"column":9},"end":{"line":3,"column":15}},"loc":{"start":{"line":3,"column":85},"end":{"line":15,"column":1}},"line":3}},"branchMap":{},"s":{"0":1},"f":{"0":1},"b":{},"_coverageSchema":"1a1c01bbd47fc00a2c39e90264f33305004495a9","hash":"3c62d270f4f0a25b162073ad432c3e8633c9ede2"}
,"/Users/nathankelleher-crew/Desktop/FEC/barnesandundignifiedreviews/client/src/components/Review.jsx": {"path":"/Users/nathankelleher-crew/Desktop/FEC/barnesandundignifiedreviews/client/src/components/Review.jsx","statementMap":{"0":{"start":{"line":6,"column":2},"end":{"line":11,"column":4}}},"fnMap":{"0":{"name":"Review","decl":{"start":{"line":5,"column":9},"end":{"line":5,"column":15}},"loc":{"start":{"line":5,"column":45},"end":{"line":12,"column":1}},"line":5}},"branchMap":{},"s":{"0":0},"f":{"0":0},"b":{},"_coverageSchema":"1a1c01bbd47fc00a2c39e90264f33305004495a9","hash":"01b86d626819c8d16cb0f9e1dc9fb27d4974c4a6"}
,"/Users/nathankelleher-crew/Desktop/FEC/barnesandundignifiedreviews/client/src/components/ReviewAuthorSummary.jsx": {"path":"/Users/nathankelleher-crew/Desktop/FEC/barnesandundignifiedreviews/client/src/components/ReviewAuthorSummary.jsx","statementMap":{"0":{"start":{"line":4,"column":2},"end":{"line":12,"column":4}}},"fnMap":{"0":{"name":"ReviewAuthorSummary","decl":{"start":{"line":3,"column":9},"end":{"line":3,"column":28}},"loc":{"start":{"line":3,"column":40},"end":{"line":13,"column":1}},"line":3}},"branchMap":{},"s":{"0":0},"f":{"0":0},"b":{},"_coverageSchema":"1a1c01bbd47fc00a2c39e90264f33305004495a9","hash":"528aaf1fdb7b83a2ffe9a25eb9c9870b29b6f2db"}
,"/Users/nathankelleher-crew/Desktop/FEC/barnesandundignifiedreviews/client/src/components/ReviewBody.jsx": {"path":"/Users/nathankelleher-crew/Desktop/FEC/barnesandundignifiedreviews/client/src/components/ReviewBody.jsx","statementMap":{"0":{"start":{"line":8,"column":2},"end":{"line":58,"column":4}},"1":{"start":{"line":39,"column":12},"end":{"line":43,"column":11}}},"fnMap":{"0":{"name":"ReviewBody","decl":{"start":{"line":7,"column":9},"end":{"line":7,"column":19}},"loc":{"start":{"line":7,"column":49},"end":{"line":59,"column":1}},"line":7},"1":{"name":"(anonymous_1)","decl":{"start":{"line":38,"column":27},"end":{"line":38,"column":28}},"loc":{"start":{"line":38,"column":36},"end":{"line":43,"column":12}},"line":38}},"branchMap":{"0":{"loc":{"start":{"line":30,"column":11},"end":{"line":30,"column":41}},"type":"cond-expr","locations":[{"start":{"line":30,"column":29},"end":{"line":30,"column":34}},{"start":{"line":30,"column":37},"end":{"line":30,"column":41}}],"line":30},"1":{"loc":{"start":{"line":46,"column":7},"end":{"line":54,"column":14}},"type":"binary-expr","locations":[{"start":{"line":46,"column":7},"end":{"line":46,"column":25}},{"start":{"line":47,"column":8},"end":{"line":54,"column":14}}],"line":46}},"s":{"0":0,"1":0},"f":{"0":0,"1":0},"b":{"0":[0,0],"1":[0,0]},"_coverageSchema":"1a1c01bbd47fc00a2c39e90264f33305004495a9","hash":"9208935c0afa07951f4e4a9a38d8b07f1bbd4025"}
,"/Users/nathankelleher-crew/Desktop/FEC/barnesandundignifiedreviews/client/src/components/SearchBar.jsx": {"path":"/Users/nathankelleher-crew/Desktop/FEC/barnesandundignifiedreviews/client/src/components/SearchBar.jsx","statementMap":{"0":{"start":{"line":6,"column":2},"end":{"line":13,"column":3}}},"fnMap":{"0":{"name":"SearchBar","decl":{"start":{"line":5,"column":9},"end":{"line":5,"column":18}},"loc":{"start":{"line":5,"column":42},"end":{"line":14,"column":1}},"line":5}},"branchMap":{},"s":{"0":1},"f":{"0":1},"b":{},"_coverageSchema":"1a1c01bbd47fc00a2c39e90264f33305004495a9","hash":"960145b01511de233c15e49617cde342c80c8743"}
,"/Users/nathankelleher-crew/Desktop/FEC/barnesandundignifiedreviews/client/src/components/SearchBox.jsx": {"path":"/Users/nathankelleher-crew/Desktop/FEC/barnesandundignifiedreviews/client/src/components/SearchBox.jsx","statementMap":{"0":{"start":{"line":6,"column":4},"end":{"line":31,"column":6}}},"fnMap":{"0":{"name":"SearchBox","decl":{"start":{"line":5,"column":9},"end":{"line":5,"column":18}},"loc":{"start":{"line":5,"column":90},"end":{"line":32,"column":1}},"line":5}},"branchMap":{},"s":{"0":1},"f":{"0":1},"b":{},"_coverageSchema":"1a1c01bbd47fc00a2c39e90264f33305004495a9","hash":"33ec9ad163ea3636813fa4a1ecd39d4f42da1be9"}
,"/Users/nathankelleher-crew/Desktop/FEC/barnesandundignifiedreviews/client/src/components/SortBar.jsx": {"path":"/Users/nathankelleher-crew/Desktop/FEC/barnesandundignifiedreviews/client/src/components/SortBar.jsx","statementMap":{"0":{"start":{"line":4,"column":2},"end":{"line":13,"column":4}}},"fnMap":{"0":{"name":"SortBar","decl":{"start":{"line":3,"column":9},"end":{"line":3,"column":16}},"loc":{"start":{"line":3,"column":39},"end":{"line":14,"column":1}},"line":3}},"branchMap":{},"s":{"0":1},"f":{"0":1},"b":{},"_coverageSchema":"1a1c01bbd47fc00a2c39e90264f33305004495a9","hash":"ffbc9181f71d7f456aee1445bf55a2db6e074820"}
}
