{"/Users/nathankelleher-crew/Desktop/FEC/barnesandundignifiedreviews/client/src/App.jsx": {"path":"/Users/nathankelleher-crew/Desktop/FEC/barnesandundignifiedreviews/client/src/App.jsx","statementMap":{"0":{"start":{"line":13,"column":6},"end":{"line":13,"column":18}},"1":{"start":{"line":14,"column":6},"end":{"line":22,"column":7}},"2":{"start":{"line":23,"column":6},"end":{"line":23,"column":51}},"3":{"start":{"line":24,"column":6},"end":{"line":24,"column":69}},"4":{"start":{"line":25,"column":6},"end":{"line":25,"column":77}},"5":{"start":{"line":26,"column":6},"end":{"line":26,"column":67}},"6":{"start":{"line":27,"column":6},"end":{"line":27,"column":71}},"7":{"start":{"line":28,"column":6},"end":{"line":28,"column":59}},"8":{"start":{"line":29,"column":6},"end":{"line":29,"column":57}},"9":{"start":{"line":30,"column":6},"end":{"line":30,"column":57}},"10":{"start":{"line":31,"column":6},"end":{"line":31,"column":69}},"11":{"start":{"line":32,"column":6},"end":{"line":32,"column":67}},"12":{"start":{"line":33,"column":6},"end":{"line":33,"column":63}},"13":{"start":{"line":34,"column":6},"end":{"line":34,"column":73}},"14":{"start":{"line":35,"column":6},"end":{"line":35,"column":75}},"15":{"start":{"line":39,"column":4},"end":{"line":39,"column":29}},"16":{"start":{"line":43,"column":4},"end":{"line":51,"column":6}},"17":{"start":{"line":45,"column":6},"end":{"line":47,"column":9}},"18":{"start":{"line":46,"column":8},"end":{"line":46,"column":35}},"19":{"start":{"line":50,"column":6},"end":{"line":50,"column":60}},"20":{"start":{"line":55,"column":4},"end":{"line":55,"column":23}},"21":{"start":{"line":56,"column":4},"end":{"line":56,"column":43}},"22":{"start":{"line":60,"column":16},"end":{"line":60,"column":93}},"23":{"start":{"line":60,"column":63},"end":{"line":60,"column":89}},"24":{"start":{"line":62,"column":4},"end":{"line":66,"column":5}},"25":{"start":{"line":63,"column":6},"end":{"line":63,"column":12}},"26":{"start":{"line":65,"column":16},"end":{"line":65,"column":50}},"27":{"start":{"line":67,"column":4},"end":{"line":67,"column":55}},"28":{"start":{"line":71,"column":16},"end":{"line":77,"column":8}},"29":{"start":{"line":72,"column":6},"end":{"line":76,"column":7}},"30":{"start":{"line":73,"column":8},"end":{"line":73,"column":23}},"31":{"start":{"line":75,"column":8},"end":{"line":75,"column":19}},"32":{"start":{"line":78,"column":4},"end":{"line":78,"column":17}},"33":{"start":{"line":82,"column":4},"end":{"line":82,"column":23}},"34":{"start":{"line":83,"column":4},"end":{"line":98,"column":5}},"35":{"start":{"line":85,"column":8},"end":{"line":85,"column":30}},"36":{"start":{"line":86,"column":8},"end":{"line":86,"column":14}},"37":{"start":{"line":88,"column":8},"end":{"line":88,"column":28}},"38":{"start":{"line":89,"column":8},"end":{"line":89,"column":14}},"39":{"start":{"line":91,"column":8},"end":{"line":91,"column":29}},"40":{"start":{"line":92,"column":8},"end":{"line":92,"column":14}},"41":{"start":{"line":94,"column":8},"end":{"line":94,"column":35}},"42":{"start":{"line":95,"column":8},"end":{"line":95,"column":14}},"43":{"start":{"line":97,"column":8},"end":{"line":97,"column":34}},"44":{"start":{"line":102,"column":26},"end":{"line":102,"column":60}},"45":{"start":{"line":103,"column":4},"end":{"line":103,"column":70}},"46":{"start":{"line":103,"column":35},"end":{"line":103,"column":68}},"47":{"start":{"line":104,"column":27},"end":{"line":104,"column":53}},"48":{"start":{"line":105,"column":4},"end":{"line":105,"column":140}},"49":{"start":{"line":109,"column":26},"end":{"line":109,"column":60}},"50":{"start":{"line":110,"column":4},"end":{"line":110,"column":82}},"51":{"start":{"line":110,"column":35},"end":{"line":110,"column":80}},"52":{"start":{"line":111,"column":27},"end":{"line":111,"column":53}},"53":{"start":{"line":112,"column":4},"end":{"line":112,"column":140}},"54":{"start":{"line":116,"column":26},"end":{"line":116,"column":60}},"55":{"start":{"line":117,"column":4},"end":{"line":117,"column":96}},"56":{"start":{"line":117,"column":35},"end":{"line":117,"column":94}},"57":{"start":{"line":118,"column":27},"end":{"line":118,"column":53}},"58":{"start":{"line":119,"column":4},"end":{"line":119,"column":140}},"59":{"start":{"line":123,"column":26},"end":{"line":123,"column":60}},"60":{"start":{"line":124,"column":4},"end":{"line":124,"column":56}},"61":{"start":{"line":124,"column":35},"end":{"line":124,"column":54}},"62":{"start":{"line":125,"column":27},"end":{"line":125,"column":53}},"63":{"start":{"line":126,"column":4},"end":{"line":126,"column":140}},"64":{"start":{"line":130,"column":26},"end":{"line":130,"column":60}},"65":{"start":{"line":131,"column":4},"end":{"line":131,"column":56}},"66":{"start":{"line":131,"column":35},"end":{"line":131,"column":54}},"67":{"start":{"line":132,"column":27},"end":{"line":132,"column":53}},"68":{"start":{"line":133,"column":4},"end":{"line":133,"column":140}},"69":{"start":{"line":137,"column":4},"end":{"line":139,"column":5}},"70":{"start":{"line":138,"column":6},"end":{"line":138,"column":13}},"71":{"start":{"line":140,"column":4},"end":{"line":159,"column":6}},"72":{"start":{"line":142,"column":6},"end":{"line":155,"column":9}},"73":{"start":{"line":143,"column":20},"end":{"line":143,"column":24}},"74":{"start":{"line":144,"column":8},"end":{"line":149,"column":9}},"75":{"start":{"line":144,"column":21},"end":{"line":144,"column":22}},"76":{"start":{"line":145,"column":10},"end":{"line":148,"column":11}},"77":{"start":{"line":146,"column":12},"end":{"line":146,"column":22}},"78":{"start":{"line":147,"column":12},"end":{"line":147,"column":18}},"79":{"start":{"line":150,"column":26},"end":{"line":150,"column":61}},"80":{"start":{"line":151,"column":8},"end":{"line":154,"column":9}},"81":{"start":{"line":152,"column":10},"end":{"line":152,"column":92}},"82":{"start":{"line":153,"column":10},"end":{"line":153,"column":57}},"83":{"start":{"line":158,"column":6},"end":{"line":158,"column":40}},"84":{"start":{"line":163,"column":4},"end":{"line":168,"column":5}},"85":{"start":{"line":164,"column":6},"end":{"line":167,"column":9}},"86":{"start":{"line":165,"column":8},"end":{"line":165,"column":27}},"87":{"start":{"line":166,"column":8},"end":{"line":166,"column":24}},"88":{"start":{"line":169,"column":4},"end":{"line":187,"column":5}},"89":{"start":{"line":170,"column":6},"end":{"line":177,"column":9}},"90":{"start":{"line":171,"column":8},"end":{"line":176,"column":11}},"91":{"start":{"line":172,"column":10},"end":{"line":175,"column":13}},"92":{"start":{"line":173,"column":12},"end":{"line":173,"column":31}},"93":{"start":{"line":174,"column":12},"end":{"line":174,"column":28}},"94":{"start":{"line":179,"column":6},"end":{"line":186,"column":8}},"95":{"start":{"line":180,"column":8},"end":{"line":185,"column":11}},"96":{"start":{"line":181,"column":10},"end":{"line":184,"column":13}},"97":{"start":{"line":182,"column":12},"end":{"line":182,"column":31}},"98":{"start":{"line":183,"column":12},"end":{"line":183,"column":28}},"99":{"start":{"line":191,"column":4},"end":{"line":193,"column":5}},"100":{"start":{"line":192,"column":6},"end":{"line":192,"column":12}},"101":{"start":{"line":194,"column":4},"end":{"line":202,"column":5}},"102":{"start":{"line":195,"column":6},"end":{"line":197,"column":9}},"103":{"start":{"line":196,"column":8},"end":{"line":196,"column":120}},"104":{"start":{"line":199,"column":6},"end":{"line":201,"column":8}},"105":{"start":{"line":200,"column":8},"end":{"line":200,"column":120}},"106":{"start":{"line":206,"column":6},"end":{"line":219,"column":7}},"107":{"start":{"line":214,"column":16},"end":{"line":214,"column":133}}},"fnMap":{"0":{"name":"(anonymous_0)","decl":{"start":{"line":12,"column":2},"end":{"line":12,"column":3}},"loc":{"start":{"line":12,"column":21},"end":{"line":36,"column":3}},"line":12},"1":{"name":"(anonymous_1)","decl":{"start":{"line":38,"column":2},"end":{"line":38,"column":3}},"loc":{"start":{"line":38,"column":22},"end":{"line":40,"column":3}},"line":38},"2":{"name":"(anonymous_2)","decl":{"start":{"line":42,"column":2},"end":{"line":42,"column":3}},"loc":{"start":{"line":42,"column":15},"end":{"line":52,"column":3}},"line":42},"3":{"name":"(anonymous_3)","decl":{"start":{"line":44,"column":10},"end":{"line":44,"column":11}},"loc":{"start":{"line":44,"column":23},"end":{"line":48,"column":5}},"line":44},"4":{"name":"(anonymous_4)","decl":{"start":{"line":45,"column":164},"end":{"line":45,"column":165}},"loc":{"start":{"line":45,"column":170},"end":{"line":47,"column":7}},"line":45},"5":{"name":"(anonymous_5)","decl":{"start":{"line":49,"column":11},"end":{"line":49,"column":12}},"loc":{"start":{"line":49,"column":20},"end":{"line":51,"column":5}},"line":49},"6":{"name":"(anonymous_6)","decl":{"start":{"line":54,"column":2},"end":{"line":54,"column":3}},"loc":{"start":{"line":54,"column":24},"end":{"line":57,"column":3}},"line":54},"7":{"name":"(anonymous_7)","decl":{"start":{"line":59,"column":2},"end":{"line":59,"column":3}},"loc":{"start":{"line":59,"column":24},"end":{"line":68,"column":3}},"line":59},"8":{"name":"(anonymous_8)","decl":{"start":{"line":60,"column":45},"end":{"line":60,"column":46}},"loc":{"start":{"line":60,"column":62},"end":{"line":60,"column":90}},"line":60},"9":{"name":"(anonymous_9)","decl":{"start":{"line":70,"column":2},"end":{"line":70,"column":3}},"loc":{"start":{"line":70,"column":28},"end":{"line":79,"column":3}},"line":70},"10":{"name":"(anonymous_10)","decl":{"start":{"line":71,"column":45},"end":{"line":71,"column":46}},"loc":{"start":{"line":71,"column":62},"end":{"line":77,"column":5}},"line":71},"11":{"name":"(anonymous_11)","decl":{"start":{"line":81,"column":2},"end":{"line":81,"column":3}},"loc":{"start":{"line":81,"column":26},"end":{"line":99,"column":3}},"line":81},"12":{"name":"(anonymous_12)","decl":{"start":{"line":101,"column":2},"end":{"line":101,"column":3}},"loc":{"start":{"line":101,"column":19},"end":{"line":106,"column":3}},"line":101},"13":{"name":"(anonymous_13)","decl":{"start":{"line":103,"column":25},"end":{"line":103,"column":26}},"loc":{"start":{"line":103,"column":35},"end":{"line":103,"column":68}},"line":103},"14":{"name":"(anonymous_14)","decl":{"start":{"line":108,"column":2},"end":{"line":108,"column":3}},"loc":{"start":{"line":108,"column":17},"end":{"line":113,"column":3}},"line":108},"15":{"name":"(anonymous_15)","decl":{"start":{"line":110,"column":25},"end":{"line":110,"column":26}},"loc":{"start":{"line":110,"column":35},"end":{"line":110,"column":80}},"line":110},"16":{"name":"(anonymous_16)","decl":{"start":{"line":115,"column":2},"end":{"line":115,"column":3}},"loc":{"start":{"line":115,"column":18},"end":{"line":120,"column":3}},"line":115},"17":{"name":"(anonymous_17)","decl":{"start":{"line":117,"column":25},"end":{"line":117,"column":26}},"loc":{"start":{"line":117,"column":35},"end":{"line":117,"column":94}},"line":117},"18":{"name":"(anonymous_18)","decl":{"start":{"line":122,"column":2},"end":{"line":122,"column":3}},"loc":{"start":{"line":122,"column":24},"end":{"line":127,"column":3}},"line":122},"19":{"name":"(anonymous_19)","decl":{"start":{"line":124,"column":25},"end":{"line":124,"column":26}},"loc":{"start":{"line":124,"column":35},"end":{"line":124,"column":54}},"line":124},"20":{"name":"(anonymous_20)","decl":{"start":{"line":129,"column":2},"end":{"line":129,"column":3}},"loc":{"start":{"line":129,"column":23},"end":{"line":134,"column":3}},"line":129},"21":{"name":"(anonymous_21)","decl":{"start":{"line":131,"column":25},"end":{"line":131,"column":26}},"loc":{"start":{"line":131,"column":35},"end":{"line":131,"column":54}},"line":131},"22":{"name":"(anonymous_22)","decl":{"start":{"line":136,"column":2},"end":{"line":136,"column":3}},"loc":{"start":{"line":136,"column":29},"end":{"line":160,"column":3}},"line":136},"23":{"name":"(anonymous_23)","decl":{"start":{"line":141,"column":10},"end":{"line":141,"column":11}},"loc":{"start":{"line":141,"column":16},"end":{"line":156,"column":5}},"line":141},"24":{"name":"(anonymous_24)","decl":{"start":{"line":142,"column":39},"end":{"line":142,"column":40}},"loc":{"start":{"line":142,"column":44},"end":{"line":155,"column":7}},"line":142},"25":{"name":"(anonymous_25)","decl":{"start":{"line":157,"column":11},"end":{"line":157,"column":12}},"loc":{"start":{"line":157,"column":20},"end":{"line":159,"column":5}},"line":157},"26":{"name":"(anonymous_26)","decl":{"start":{"line":162,"column":2},"end":{"line":162,"column":3}},"loc":{"start":{"line":162,"column":26},"end":{"line":188,"column":3}},"line":162},"27":{"name":"(anonymous_27)","decl":{"start":{"line":164,"column":25},"end":{"line":164,"column":26}},"loc":{"start":{"line":164,"column":46},"end":{"line":167,"column":7}},"line":164},"28":{"name":"(anonymous_28)","decl":{"start":{"line":170,"column":100},"end":{"line":170,"column":101}},"loc":{"start":{"line":170,"column":106},"end":{"line":177,"column":7}},"line":170},"29":{"name":"(anonymous_29)","decl":{"start":{"line":171,"column":120},"end":{"line":171,"column":121}},"loc":{"start":{"line":171,"column":126},"end":{"line":176,"column":9}},"line":171},"30":{"name":"(anonymous_30)","decl":{"start":{"line":172,"column":29},"end":{"line":172,"column":30}},"loc":{"start":{"line":172,"column":50},"end":{"line":175,"column":11}},"line":172},"31":{"name":"(anonymous_31)","decl":{"start":{"line":179,"column":96},"end":{"line":179,"column":97}},"loc":{"start":{"line":179,"column":102},"end":{"line":186,"column":7}},"line":179},"32":{"name":"(anonymous_32)","decl":{"start":{"line":180,"column":120},"end":{"line":180,"column":121}},"loc":{"start":{"line":180,"column":126},"end":{"line":185,"column":9}},"line":180},"33":{"name":"(anonymous_33)","decl":{"start":{"line":181,"column":29},"end":{"line":181,"column":30}},"loc":{"start":{"line":181,"column":50},"end":{"line":184,"column":11}},"line":181},"34":{"name":"(anonymous_34)","decl":{"start":{"line":190,"column":2},"end":{"line":190,"column":3}},"loc":{"start":{"line":190,"column":27},"end":{"line":203,"column":3}},"line":190},"35":{"name":"(anonymous_35)","decl":{"start":{"line":195,"column":116},"end":{"line":195,"column":117}},"loc":{"start":{"line":195,"column":122},"end":{"line":197,"column":7}},"line":195},"36":{"name":"(anonymous_36)","decl":{"start":{"line":199,"column":96},"end":{"line":199,"column":97}},"loc":{"start":{"line":199,"column":102},"end":{"line":201,"column":7}},"line":199},"37":{"name":"(anonymous_37)","decl":{"start":{"line":205,"column":2},"end":{"line":205,"column":3}},"loc":{"start":{"line":205,"column":11},"end":{"line":220,"column":3}},"line":205},"38":{"name":"(anonymous_38)","decl":{"start":{"line":213,"column":46},"end":{"line":213,"column":47}},"loc":{"start":{"line":213,"column":63},"end":{"line":215,"column":15}},"line":213}},"branchMap":{"0":{"loc":{"start":{"line":62,"column":4},"end":{"line":66,"column":5}},"type":"if","locations":[{"start":{"line":62,"column":4},"end":{"line":66,"column":5}},{"start":{"line":62,"column":4},"end":{"line":66,"column":5}}],"line":62},"1":{"loc":{"start":{"line":72,"column":6},"end":{"line":76,"column":7}},"type":"if","locations":[{"start":{"line":72,"column":6},"end":{"line":76,"column":7}},{"start":{"line":72,"column":6},"end":{"line":76,"column":7}}],"line":72},"2":{"loc":{"start":{"line":83,"column":4},"end":{"line":98,"column":5}},"type":"switch","locations":[{"start":{"line":84,"column":6},"end":{"line":86,"column":14}},{"start":{"line":87,"column":6},"end":{"line":89,"column":14}},{"start":{"line":90,"column":6},"end":{"line":92,"column":14}},{"start":{"line":93,"column":6},"end":{"line":95,"column":14}},{"start":{"line":96,"column":6},"end":{"line":97,"column":34}}],"line":83},"3":{"loc":{"start":{"line":137,"column":4},"end":{"line":139,"column":5}},"type":"if","locations":[{"start":{"line":137,"column":4},"end":{"line":139,"column":5}},{"start":{"line":137,"column":4},"end":{"line":139,"column":5}}],"line":137},"4":{"loc":{"start":{"line":145,"column":10},"end":{"line":148,"column":11}},"type":"if","locations":[{"start":{"line":145,"column":10},"end":{"line":148,"column":11}},{"start":{"line":145,"column":10},"end":{"line":148,"column":11}}],"line":145},"5":{"loc":{"start":{"line":151,"column":8},"end":{"line":154,"column":9}},"type":"if","locations":[{"start":{"line":151,"column":8},"end":{"line":154,"column":9}},{"start":{"line":151,"column":8},"end":{"line":154,"column":9}}],"line":151},"6":{"loc":{"start":{"line":152,"column":10},"end":{"line":152,"column":91}},"type":"cond-expr","locations":[{"start":{"line":152,"column":27},"end":{"line":152,"column":58}},{"start":{"line":152,"column":61},"end":{"line":152,"column":91}}],"line":152},"7":{"loc":{"start":{"line":163,"column":4},"end":{"line":168,"column":5}},"type":"if","locations":[{"start":{"line":163,"column":4},"end":{"line":168,"column":5}},{"start":{"line":163,"column":4},"end":{"line":168,"column":5}}],"line":163},"8":{"loc":{"start":{"line":169,"column":4},"end":{"line":187,"column":5}},"type":"if","locations":[{"start":{"line":169,"column":4},"end":{"line":187,"column":5}},{"start":{"line":169,"column":4},"end":{"line":187,"column":5}}],"line":169},"9":{"loc":{"start":{"line":191,"column":4},"end":{"line":193,"column":5}},"type":"if","locations":[{"start":{"line":191,"column":4},"end":{"line":193,"column":5}},{"start":{"line":191,"column":4},"end":{"line":193,"column":5}}],"line":191},"10":{"loc":{"start":{"line":194,"column":4},"end":{"line":202,"column":5}},"type":"if","locations":[{"start":{"line":194,"column":4},"end":{"line":202,"column":5}},{"start":{"line":194,"column":4},"end":{"line":202,"column":5}}],"line":194},"11":{"loc":{"start":{"line":212,"column":13},"end":{"line":215,"column":16}},"type":"binary-expr","locations":[{"start":{"line":212,"column":13},"end":{"line":212,"column":53}},{"start":{"line":213,"column":14},"end":{"line":215,"column":16}}],"line":212}},"s":{"0":13,"1":13,"2":13,"3":13,"4":13,"5":13,"6":13,"7":13,"8":13,"9":13,"10":13,"11":13,"12":13,"13":13,"14":13,"15":23,"16":23,"17":23,"18":23,"19":0,"20":0,"21":0,"22":23,"23":621,"24":23,"25":0,"26":23,"27":23,"28":85,"29":1944,"30":1008,"31":936,"32":85,"33":5,"34":5,"35":1,"36":1,"37":1,"38":1,"39":1,"40":1,"41":1,"42":1,"43":1,"44":1,"45":1,"46":93,"47":1,"48":1,"49":1,"50":1,"51":94,"52":1,"53":1,"54":1,"55":1,"56":94,"57":1,"58":1,"59":1,"60":1,"61":95,"62":1,"63":1,"64":1,"65":1,"66":91,"67":1,"68":1,"69":1,"70":0,"71":1,"72":1,"73":1,"74":1,"75":1,"76":8,"77":0,"78":0,"79":1,"80":1,"81":0,"82":0,"83":0,"84":8,"85":5,"86":5,"87":5,"88":3,"89":1,"90":1,"91":1,"92":1,"93":1,"94":2,"95":2,"96":2,"97":2,"98":2,"99":17,"100":10,"101":7,"102":2,"103":2,"104":5,"105":5,"106":85,"107":583},"f":{"0":13,"1":23,"2":23,"3":23,"4":23,"5":0,"6":0,"7":23,"8":621,"9":85,"10":1944,"11":5,"12":1,"13":93,"14":1,"15":94,"16":1,"17":94,"18":1,"19":95,"20":1,"21":91,"22":1,"23":1,"24":1,"25":0,"26":8,"27":5,"28":1,"29":1,"30":1,"31":2,"32":2,"33":2,"34":17,"35":2,"36":5,"37":85,"38":583},"b":{"0":[0,23],"1":[1008,936],"2":[1,1,1,1,1],"3":[0,1],"4":[0,8],"5":[0,1],"6":[0,0],"7":[5,3],"8":[1,2],"9":[10,7],"10":[2,5],"11":[85,72]},"_coverageSchema":"1a1c01bbd47fc00a2c39e90264f33305004495a9","hash":"eed6662b56b5a752c0b6f415d7fd581fee9a23e8"}
,"/Users/nathankelleher-crew/Desktop/FEC/barnesandundignifiedreviews/client/src/components/BreakdownBox.jsx": {"path":"/Users/nathankelleher-crew/Desktop/FEC/barnesandundignifiedreviews/client/src/components/BreakdownBox.jsx","statementMap":{"0":{"start":{"line":6,"column":2},"end":{"line":35,"column":3}}},"fnMap":{"0":{"name":"BreakdownBox","decl":{"start":{"line":5,"column":9},"end":{"line":5,"column":21}},"loc":{"start":{"line":5,"column":36},"end":{"line":36,"column":1}},"line":5}},"branchMap":{},"s":{"0":85},"f":{"0":85},"b":{},"_coverageSchema":"1a1c01bbd47fc00a2c39e90264f33305004495a9","hash":"1fccfe834dae219bb57a0c857252783cc69c07dc"}
,"/Users/nathankelleher-crew/Desktop/FEC/barnesandundignifiedreviews/client/src/components/HelpfulVoter.jsx": {"path":"/Users/nathankelleher-crew/Desktop/FEC/barnesandundignifiedreviews/client/src/components/HelpfulVoter.jsx","statementMap":{"0":{"start":{"line":4,"column":2},"end":{"line":19,"column":4}},"1":{"start":{"line":9,"column":117},"end":{"line":9,"column":152}},"2":{"start":{"line":12,"column":116},"end":{"line":12,"column":150}}},"fnMap":{"0":{"name":"HelpfulVoter","decl":{"start":{"line":3,"column":9},"end":{"line":3,"column":21}},"loc":{"start":{"line":3,"column":61},"end":{"line":20,"column":1}},"line":3},"1":{"name":"(anonymous_1)","decl":{"start":{"line":9,"column":112},"end":{"line":9,"column":113}},"loc":{"start":{"line":9,"column":116},"end":{"line":9,"column":153}},"line":9},"2":{"name":"(anonymous_2)","decl":{"start":{"line":12,"column":111},"end":{"line":12,"column":112}},"loc":{"start":{"line":12,"column":115},"end":{"line":12,"column":151}},"line":12}},"branchMap":{"0":{"loc":{"start":{"line":9,"column":25},"end":{"line":9,"column":57}},"type":"cond-expr","locations":[{"start":{"line":9,"column":36},"end":{"line":9,"column":45}},{"start":{"line":9,"column":48},"end":{"line":9,"column":57}}],"line":9},"1":{"loc":{"start":{"line":12,"column":25},"end":{"line":12,"column":57}},"type":"cond-expr","locations":[{"start":{"line":12,"column":36},"end":{"line":12,"column":45}},{"start":{"line":12,"column":48},"end":{"line":12,"column":57}}],"line":12}},"s":{"0":583,"1":0,"2":0},"f":{"0":583,"1":0,"2":0},"b":{"0":[0,583],"1":[0,583]},"_coverageSchema":"1a1c01bbd47fc00a2c39e90264f33305004495a9","hash":"32923653ad1092ca26854574aa549575f588d6fc"}
,"/Users/nathankelleher-crew/Desktop/FEC/barnesandundignifiedreviews/client/src/components/NavBar.jsx": {"path":"/Users/nathankelleher-crew/Desktop/FEC/barnesandundignifiedreviews/client/src/components/NavBar.jsx","statementMap":{"0":{"start":{"line":5,"column":2},"end":{"line":25,"column":4}}},"fnMap":{"0":{"name":"NavBar","decl":{"start":{"line":4,"column":9},"end":{"line":4,"column":15}},"loc":{"start":{"line":4,"column":85},"end":{"line":26,"column":1}},"line":4}},"branchMap":{},"s":{"0":85},"f":{"0":85},"b":{},"_coverageSchema":"1a1c01bbd47fc00a2c39e90264f33305004495a9","hash":"ea54d9c66623276023f22bbcb5ebb91dd127f4b8"}
,"/Users/nathankelleher-crew/Desktop/FEC/barnesandundignifiedreviews/client/src/components/Review.jsx": {"path":"/Users/nathankelleher-crew/Desktop/FEC/barnesandundignifiedreviews/client/src/components/Review.jsx","statementMap":{"0":{"start":{"line":6,"column":2},"end":{"line":11,"column":4}}},"fnMap":{"0":{"name":"Review","decl":{"start":{"line":5,"column":9},"end":{"line":5,"column":15}},"loc":{"start":{"line":5,"column":55},"end":{"line":12,"column":1}},"line":5}},"branchMap":{},"s":{"0":583},"f":{"0":583},"b":{},"_coverageSchema":"1a1c01bbd47fc00a2c39e90264f33305004495a9","hash":"aa78b1cc88991cbcdfe98edccdbc132c8683698c"}
,"/Users/nathankelleher-crew/Desktop/FEC/barnesandundignifiedreviews/client/src/components/ReviewAuthorSummary.jsx": {"path":"/Users/nathankelleher-crew/Desktop/FEC/barnesandundignifiedreviews/client/src/components/ReviewAuthorSummary.jsx","statementMap":{"0":{"start":{"line":4,"column":2},"end":{"line":12,"column":4}}},"fnMap":{"0":{"name":"ReviewAuthorSummary","decl":{"start":{"line":3,"column":9},"end":{"line":3,"column":28}},"loc":{"start":{"line":3,"column":40},"end":{"line":13,"column":1}},"line":3}},"branchMap":{},"s":{"0":583},"f":{"0":583},"b":{},"_coverageSchema":"1a1c01bbd47fc00a2c39e90264f33305004495a9","hash":"528aaf1fdb7b83a2ffe9a25eb9c9870b29b6f2db"}
,"/Users/nathankelleher-crew/Desktop/FEC/barnesandundignifiedreviews/client/src/components/ReviewBody.jsx": {"path":"/Users/nathankelleher-crew/Desktop/FEC/barnesandundignifiedreviews/client/src/components/ReviewBody.jsx","statementMap":{"0":{"start":{"line":8,"column":2},"end":{"line":58,"column":4}},"1":{"start":{"line":39,"column":12},"end":{"line":43,"column":11}}},"fnMap":{"0":{"name":"ReviewBody","decl":{"start":{"line":7,"column":9},"end":{"line":7,"column":19}},"loc":{"start":{"line":7,"column":59},"end":{"line":59,"column":1}},"line":7},"1":{"name":"(anonymous_1)","decl":{"start":{"line":38,"column":27},"end":{"line":38,"column":28}},"loc":{"start":{"line":38,"column":36},"end":{"line":43,"column":12}},"line":38}},"branchMap":{"0":{"loc":{"start":{"line":30,"column":11},"end":{"line":30,"column":41}},"type":"cond-expr","locations":[{"start":{"line":30,"column":29},"end":{"line":30,"column":34}},{"start":{"line":30,"column":37},"end":{"line":30,"column":41}}],"line":30},"1":{"loc":{"start":{"line":46,"column":7},"end":{"line":54,"column":14}},"type":"binary-expr","locations":[{"start":{"line":46,"column":7},"end":{"line":46,"column":25}},{"start":{"line":47,"column":8},"end":{"line":54,"column":14}}],"line":46}},"s":{"0":583,"1":1749},"f":{"0":583,"1":1749},"b":{"0":[280,303],"1":[583,299]},"_coverageSchema":"1a1c01bbd47fc00a2c39e90264f33305004495a9","hash":"49e2907e0346625f0594acb1e87e2d8dd941f24d"}
,"/Users/nathankelleher-crew/Desktop/FEC/barnesandundignifiedreviews/client/src/components/SearchBar.jsx": {"path":"/Users/nathankelleher-crew/Desktop/FEC/barnesandundignifiedreviews/client/src/components/SearchBar.jsx","statementMap":{"0":{"start":{"line":6,"column":2},"end":{"line":13,"column":3}}},"fnMap":{"0":{"name":"SearchBar","decl":{"start":{"line":5,"column":9},"end":{"line":5,"column":18}},"loc":{"start":{"line":5,"column":42},"end":{"line":14,"column":1}},"line":5}},"branchMap":{},"s":{"0":85},"f":{"0":85},"b":{},"_coverageSchema":"1a1c01bbd47fc00a2c39e90264f33305004495a9","hash":"960145b01511de233c15e49617cde342c80c8743"}
,"/Users/nathankelleher-crew/Desktop/FEC/barnesandundignifiedreviews/client/src/components/SearchBox.jsx": {"path":"/Users/nathankelleher-crew/Desktop/FEC/barnesandundignifiedreviews/client/src/components/SearchBox.jsx","statementMap":{"0":{"start":{"line":6,"column":4},"end":{"line":31,"column":6}}},"fnMap":{"0":{"name":"SearchBox","decl":{"start":{"line":5,"column":9},"end":{"line":5,"column":18}},"loc":{"start":{"line":5,"column":90},"end":{"line":32,"column":1}},"line":5}},"branchMap":{},"s":{"0":85},"f":{"0":85},"b":{},"_coverageSchema":"1a1c01bbd47fc00a2c39e90264f33305004495a9","hash":"33ec9ad163ea3636813fa4a1ecd39d4f42da1be9"}
,"/Users/nathankelleher-crew/Desktop/FEC/barnesandundignifiedreviews/client/src/components/SortBar.jsx": {"path":"/Users/nathankelleher-crew/Desktop/FEC/barnesandundignifiedreviews/client/src/components/SortBar.jsx","statementMap":{"0":{"start":{"line":4,"column":20},"end":{"line":30,"column":1}},"1":{"start":{"line":33,"column":2},"end":{"line":50,"column":4}}},"fnMap":{"0":{"name":"SortBar","decl":{"start":{"line":32,"column":9},"end":{"line":32,"column":16}},"loc":{"start":{"line":32,"column":61},"end":{"line":51,"column":1}},"line":32}},"branchMap":{},"s":{"0":1,"1":85},"f":{"0":85},"b":{},"_coverageSchema":"1a1c01bbd47fc00a2c39e90264f33305004495a9","hash":"08a41e1db90bc9ab66b64e0bb9eaf31c6df443cf"}
}
