TN:
SF:client/spec/mockReviews.js
FNF:0
FNH:0
DA:1,1
LF:1
LH:1
BRF:0
BRH:0
end_of_record
TN:
SF:client/src/App.jsx
FN:13,(anonymous_0)
FN:46,(anonymous_1)
FN:50,(anonymous_2)
FN:55,(anonymous_3)
FN:61,(anonymous_4)
FN:62,(anonymous_5)
FN:66,(anonymous_6)
FN:72,(anonymous_7)
FN:73,(anonymous_8)
FN:92,(anonymous_9)
FN:95,(anonymous_10)
FN:104,(anonymous_11)
FN:105,(anonymous_12)
FN:115,(anonymous_13)
FN:130,(anonymous_14)
FN:141,(anonymous_15)
FN:147,(anonymous_16)
FN:154,(anonymous_17)
FN:164,(anonymous_18)
FN:170,(anonymous_19)
FN:172,(anonymous_20)
FN:180,(anonymous_21)
FN:205,(anonymous_22)
FN:207,(anonymous_23)
FN:212,(anonymous_24)
FN:214,(anonymous_25)
FN:219,(anonymous_26)
FN:221,(anonymous_27)
FN:226,(anonymous_28)
FN:228,(anonymous_29)
FN:233,(anonymous_30)
FN:235,(anonymous_31)
FN:240,(anonymous_32)
FN:248,(anonymous_33)
FN:249,(anonymous_34)
FN:264,(anonymous_35)
FN:269,(anonymous_36)
FN:271,(anonymous_37)
FN:277,(anonymous_38)
FN:278,(anonymous_39)
FN:279,(anonymous_40)
FN:286,(anonymous_41)
FN:287,(anonymous_42)
FN:288,(anonymous_43)
FN:297,(anonymous_44)
FN:302,(anonymous_45)
FN:306,(anonymous_46)
FN:312,(anonymous_47)
FN:323,(anonymous_48)
FNF:49
FNH:38
FNDA:13,(anonymous_0)
FNDA:23,(anonymous_1)
FNDA:0,(anonymous_2)
FNDA:23,(anonymous_3)
FNDA:23,(anonymous_4)
FNDA:23,(anonymous_5)
FNDA:0,(anonymous_6)
FNDA:23,(anonymous_7)
FNDA:621,(anonymous_8)
FNDA:115,(anonymous_9)
FNDA:3105,(anonymous_10)
FNDA:85,(anonymous_11)
FNDA:1944,(anonymous_12)
FNDA:0,(anonymous_13)
FNDA:0,(anonymous_14)
FNDA:0,(anonymous_15)
FNDA:0,(anonymous_16)
FNDA:0,(anonymous_17)
FNDA:0,(anonymous_18)
FNDA:0,(anonymous_19)
FNDA:0,(anonymous_20)
FNDA:5,(anonymous_21)
FNDA:1,(anonymous_22)
FNDA:93,(anonymous_23)
FNDA:1,(anonymous_24)
FNDA:94,(anonymous_25)
FNDA:1,(anonymous_26)
FNDA:94,(anonymous_27)
FNDA:1,(anonymous_28)
FNDA:95,(anonymous_29)
FNDA:1,(anonymous_30)
FNDA:91,(anonymous_31)
FNDA:1,(anonymous_32)
FNDA:1,(anonymous_33)
FNDA:1,(anonymous_34)
FNDA:0,(anonymous_35)
FNDA:8,(anonymous_36)
FNDA:5,(anonymous_37)
FNDA:1,(anonymous_38)
FNDA:1,(anonymous_39)
FNDA:1,(anonymous_40)
FNDA:2,(anonymous_41)
FNDA:2,(anonymous_42)
FNDA:2,(anonymous_43)
FNDA:17,(anonymous_44)
FNDA:2,(anonymous_45)
FNDA:5,(anonymous_46)
FNDA:85,(anonymous_47)
FNDA:583,(anonymous_48)
DA:14,13
DA:15,13
DA:26,13
DA:27,13
DA:28,13
DA:29,13
DA:30,13
DA:31,13
DA:32,13
DA:33,13
DA:34,13
DA:35,13
DA:36,13
DA:37,13
DA:38,13
DA:39,13
DA:40,13
DA:41,13
DA:42,13
DA:43,13
DA:47,23
DA:51,0
DA:52,0
DA:56,23
DA:57,23
DA:58,23
DA:60,23
DA:62,23
DA:63,23
DA:67,0
DA:73,621
DA:75,23
DA:76,0
DA:78,23
DA:80,23
DA:89,23
DA:93,115
DA:94,115
DA:95,115
DA:96,3105
DA:97,621
DA:101,115
DA:105,85
DA:106,1944
DA:107,1008
DA:109,936
DA:112,85
DA:117,0
DA:118,0
DA:121,0
DA:122,0
DA:123,0
DA:124,0
DA:128,0
DA:129,0
DA:130,0
DA:131,0
DA:132,0
DA:133,0
DA:134,0
DA:135,0
DA:142,0
DA:143,0
DA:145,0
DA:146,0
DA:147,0
DA:148,0
DA:149,0
DA:152,0
DA:153,0
DA:154,0
DA:155,0
DA:156,0
DA:159,0
DA:160,0
DA:165,0
DA:166,0
DA:167,0
DA:171,0
DA:172,0
DA:173,0
DA:174,0
DA:177,0
DA:181,5
DA:182,5
DA:185,1
DA:186,1
DA:189,1
DA:190,1
DA:193,1
DA:194,1
DA:197,1
DA:198,1
DA:201,1
DA:206,1
DA:207,93
DA:208,1
DA:209,1
DA:213,1
DA:214,94
DA:215,1
DA:216,1
DA:220,1
DA:221,94
DA:222,1
DA:223,1
DA:227,1
DA:228,95
DA:229,1
DA:230,1
DA:234,1
DA:235,91
DA:236,1
DA:237,1
DA:241,1
DA:242,0
DA:244,1
DA:245,1
DA:246,1
DA:247,1
DA:249,1
DA:250,1
DA:251,1
DA:252,8
DA:253,0
DA:254,0
DA:257,1
DA:258,1
DA:259,0
DA:260,0
DA:265,0
DA:270,8
DA:271,5
DA:272,5
DA:273,5
DA:276,3
DA:277,1
DA:278,1
DA:279,1
DA:280,1
DA:281,1
DA:286,2
DA:287,2
DA:288,2
DA:289,2
DA:290,2
DA:298,17
DA:299,10
DA:301,7
DA:302,2
DA:303,2
DA:306,5
DA:307,5
DA:313,85
DA:324,583
LF:155
LH:109
BRDA:75,0,0,0
BRDA:75,0,1,23
BRDA:94,1,0,115
BRDA:94,1,1,0
BRDA:96,2,0,621
BRDA:96,2,1,2484
BRDA:106,3,0,1008
BRDA:106,3,1,936
BRDA:117,4,0,0
BRDA:117,4,1,0
BRDA:121,5,0,0
BRDA:121,5,1,0
BRDA:142,6,0,0
BRDA:142,6,1,0
BRDA:148,7,0,0
BRDA:148,7,1,0
BRDA:155,8,0,0
BRDA:155,8,1,0
BRDA:173,9,0,0
BRDA:173,9,1,0
BRDA:182,10,0,1
BRDA:182,10,1,1
BRDA:182,10,2,1
BRDA:182,10,3,1
BRDA:182,10,4,1
BRDA:182,10,5,1
BRDA:182,10,6,1
BRDA:182,10,7,1
BRDA:182,10,8,1
BRDA:182,10,9,1
BRDA:241,11,0,0
BRDA:241,11,1,1
BRDA:252,12,0,0
BRDA:252,12,1,8
BRDA:258,13,0,0
BRDA:258,13,1,1
BRDA:259,14,0,0
BRDA:259,14,1,0
BRDA:270,15,0,5
BRDA:270,15,1,3
BRDA:276,16,0,1
BRDA:276,16,1,2
BRDA:298,17,0,10
BRDA:298,17,1,7
BRDA:301,18,0,2
BRDA:301,18,1,5
BRDA:319,19,0,85
BRDA:319,19,1,0
BRDA:322,20,0,85
BRDA:322,20,1,72
BRF:50
BRH:30
end_of_record
TN:
SF:client/src/components/BreakdownBox.jsx
FN:7,BreakdownBox
FNF:1
FNH:1
FNDA:85,BreakdownBox
DA:8,85
LF:1
LH:1
BRF:0
BRH:0
end_of_record
TN:
SF:client/src/components/ClearAllButton.jsx
FN:4,ClearAllButton
FNF:1
FNH:0
FNDA:0,ClearAllButton
DA:5,0
LF:1
LH:0
BRF:0
BRH:0
end_of_record
TN:
SF:client/src/components/Filter.jsx
FN:4,Filter
FN:7,(anonymous_1)
FN:13,(anonymous_2)
FNF:3
FNH:0
FNDA:0,Filter
FNDA:0,(anonymous_1)
FNDA:0,(anonymous_2)
DA:5,0
DA:6,0
DA:7,0
DA:12,0
DA:13,0
LF:5
LH:0
BRDA:5,0,0,0
BRDA:5,0,1,0
BRF:2
BRH:0
end_of_record
TN:
SF:client/src/components/Filters.jsx
FN:5,Filters
FN:12,(anonymous_1)
FNF:2
FNH:0
FNDA:0,Filters
FNDA:0,(anonymous_1)
DA:6,0
DA:13,0
LF:2
LH:0
BRF:0
BRH:0
end_of_record
TN:
SF:client/src/components/HelpfulVoter.jsx
FN:3,HelpfulVoter
FN:9,(anonymous_1)
FN:12,(anonymous_2)
FNF:3
FNH:1
FNDA:583,HelpfulVoter
FNDA:0,(anonymous_1)
FNDA:0,(anonymous_2)
DA:4,583
DA:9,0
DA:12,0
LF:3
LH:1
BRDA:9,0,0,0
BRDA:9,0,1,583
BRDA:12,1,0,0
BRDA:12,1,1,583
BRF:4
BRH:2
end_of_record
TN:
SF:client/src/components/NavBar.jsx
FN:4,NavBar
FNF:1
FNH:1
FNDA:85,NavBar
DA:5,85
LF:1
LH:1
BRF:0
BRH:0
end_of_record
TN:
SF:client/src/components/Review.jsx
FN:5,Review
FNF:1
FNH:1
FNDA:583,Review
DA:6,583
LF:1
LH:1
BRF:0
BRH:0
end_of_record
TN:
SF:client/src/components/ReviewAuthorSummary.jsx
FN:3,ReviewAuthorSummary
FNF:1
FNH:1
FNDA:583,ReviewAuthorSummary
DA:4,583
LF:1
LH:1
BRF:0
BRH:0
end_of_record
TN:
SF:client/src/components/ReviewBody.jsx
FN:10,ReviewBody
FN:41,(anonymous_1)
FNF:2
FNH:2
FNDA:583,ReviewBody
FNDA:1749,(anonymous_1)
DA:8,1
DA:11,583
DA:42,1749
DA:43,1166
DA:49,583
LF:5
LH:5
BRDA:33,0,0,280
BRDA:33,0,1,303
BRDA:42,1,0,1166
BRDA:42,1,1,583
BRDA:57,2,0,583
BRDA:57,2,1,299
BRF:6
BRH:6
end_of_record
TN:
SF:client/src/components/SearchBar.jsx
FN:4,SearchBar
FNF:1
FNH:1
FNDA:85,SearchBar
DA:5,85
LF:1
LH:1
BRF:0
BRH:0
end_of_record
TN:
SF:client/src/components/SearchBox.jsx
FN:5,SearchBox
FNF:1
FNH:1
FNDA:85,SearchBox
DA:6,85
LF:1
LH:1
BRF:0
BRH:0
end_of_record
TN:
SF:client/src/components/SnapshotBars.jsx
FN:3,SnapshotBars
FN:10,(anonymous_1)
FN:22,(anonymous_2)
FN:34,(anonymous_3)
FN:46,(anonymous_4)
FN:58,(anonymous_5)
FNF:6
FNH:1
FNDA:85,SnapshotBars
FNDA:0,(anonymous_1)
FNDA:0,(anonymous_2)
FNDA:0,(anonymous_3)
FNDA:0,(anonymous_4)
FNDA:0,(anonymous_5)
DA:4,85
DA:10,0
DA:22,0
DA:34,0
DA:46,0
DA:58,0
LF:6
LH:1
BRF:0
BRH:0
end_of_record
TN:
SF:client/src/components/SortBar.jsx
FN:32,SortBar
FNF:1
FNH:1
FNDA:85,SortBar
DA:4,1
DA:33,85
LF:2
LH:2
BRF:0
BRH:0
end_of_record
