TN:
SF:client/src/App.jsx
FN:12,(anonymous_0)
FN:32,(anonymous_1)
FN:36,(anonymous_2)
FN:38,(anonymous_3)
FN:39,(anonymous_4)
FN:43,(anonymous_5)
FN:48,(anonymous_6)
FN:53,(anonymous_7)
FN:54,(anonymous_8)
FN:64,(anonymous_9)
FN:65,(anonymous_10)
FN:75,(anonymous_11)
FN:80,(anonymous_12)
FN:81,(anonymous_13)
FN:84,(anonymous_14)
FN:89,(anonymous_15)
FN:91,(anonymous_16)
FN:97,(anonymous_17)
FN:98,(anonymous_18)
FN:99,(anonymous_19)
FN:106,(anonymous_20)
FN:107,(anonymous_21)
FN:108,(anonymous_22)
FN:117,(anonymous_23)
FN:122,(anonymous_24)
FN:126,(anonymous_25)
FN:132,(anonymous_26)
FN:140,(anonymous_27)
FNF:28
FNH:25
FNDA:8,(anonymous_0)
FNDA:13,(anonymous_1)
FNDA:13,(anonymous_2)
FNDA:13,(anonymous_3)
FNDA:13,(anonymous_4)
FNDA:0,(anonymous_5)
FNDA:0,(anonymous_6)
FNDA:13,(anonymous_7)
FNDA:351,(anonymous_8)
FNDA:55,(anonymous_9)
FNDA:1269,(anonymous_10)
FNDA:1,(anonymous_11)
FNDA:1,(anonymous_12)
FNDA:1,(anonymous_13)
FNDA:0,(anonymous_14)
FNDA:8,(anonymous_15)
FNDA:5,(anonymous_16)
FNDA:1,(anonymous_17)
FNDA:1,(anonymous_18)
FNDA:1,(anonymous_19)
FNDA:2,(anonymous_20)
FNDA:2,(anonymous_21)
FNDA:2,(anonymous_22)
FNDA:17,(anonymous_23)
FNDA:2,(anonymous_24)
FNDA:5,(anonymous_25)
FNDA:55,(anonymous_26)
FNDA:383,(anonymous_27)
DA:13,8
DA:14,8
DA:23,8
DA:24,8
DA:25,8
DA:26,8
DA:27,8
DA:28,8
DA:29,8
DA:33,13
DA:37,13
DA:39,13
DA:40,13
DA:44,0
DA:49,0
DA:50,0
DA:54,351
DA:56,13
DA:57,0
DA:59,13
DA:61,13
DA:65,55
DA:66,1269
DA:67,658
DA:69,611
DA:72,55
DA:76,1
DA:77,0
DA:79,1
DA:81,1
DA:85,0
DA:90,8
DA:91,5
DA:92,5
DA:93,5
DA:96,3
DA:97,1
DA:98,1
DA:99,1
DA:100,1
DA:101,1
DA:106,2
DA:107,2
DA:108,2
DA:109,2
DA:110,2
DA:118,17
DA:119,10
DA:121,7
DA:122,2
DA:123,2
DA:126,5
DA:127,5
DA:133,55
DA:141,383
LF:55
LH:49
BRDA:56,0,0,0
BRDA:56,0,1,13
BRDA:66,1,0,658
BRDA:66,1,1,611
BRDA:76,2,0,0
BRDA:76,2,1,1
BRDA:90,3,0,5
BRDA:90,3,1,3
BRDA:96,4,0,1
BRDA:96,4,1,2
BRDA:118,5,0,10
BRDA:118,5,1,7
BRDA:121,6,0,2
BRDA:121,6,1,5
BRDA:139,7,0,55
BRDA:139,7,1,47
BRF:16
BRH:14
end_of_record
TN:
SF:client/src/components/BreakdownBox.jsx
FN:5,BreakdownBox
FNF:1
FNH:1
FNDA:55,BreakdownBox
DA:6,55
LF:1
LH:1
BRF:0
BRH:0
end_of_record
TN:
SF:client/src/components/HelpfulVoter.jsx
FN:3,HelpfulVoter
FN:9,(anonymous_1)
FN:12,(anonymous_2)
FNF:3
FNH:1
FNDA:383,HelpfulVoter
FNDA:0,(anonymous_1)
FNDA:0,(anonymous_2)
DA:4,383
DA:9,0
DA:12,0
LF:3
LH:1
BRF:0
BRH:0
end_of_record
TN:
SF:client/src/components/NavBar.jsx
FN:3,NavBar
FNF:1
FNH:1
FNDA:55,NavBar
DA:4,55
LF:1
LH:1
BRF:0
BRH:0
end_of_record
TN:
SF:client/src/components/Review.jsx
FN:5,Review
FNF:1
FNH:1
FNDA:383,Review
DA:6,383
LF:1
LH:1
BRF:0
BRH:0
end_of_record
TN:
SF:client/src/components/ReviewAuthorSummary.jsx
FN:3,ReviewAuthorSummary
FNF:1
FNH:1
FNDA:383,ReviewAuthorSummary
DA:4,383
LF:1
LH:1
BRF:0
BRH:0
end_of_record
TN:
SF:client/src/components/ReviewBody.jsx
FN:7,ReviewBody
FN:38,(anonymous_1)
FNF:2
FNH:2
FNDA:383,ReviewBody
FNDA:1149,(anonymous_1)
DA:8,383
DA:39,1149
LF:2
LH:2
BRDA:30,0,0,182
BRDA:30,0,1,201
BRDA:46,1,0,383
BRDA:46,1,1,197
BRF:4
BRH:4
end_of_record
TN:
SF:client/src/components/SearchBar.jsx
FN:5,SearchBar
FNF:1
FNH:1
FNDA:55,SearchBar
DA:6,55
LF:1
LH:1
BRF:0
BRH:0
end_of_record
TN:
SF:client/src/components/SearchBox.jsx
FN:5,SearchBox
FNF:1
FNH:1
FNDA:55,SearchBox
DA:6,55
LF:1
LH:1
BRF:0
BRH:0
end_of_record
TN:
SF:client/src/components/SortBar.jsx
FN:3,SortBar
FNF:1
FNH:1
FNDA:55,SortBar
DA:4,55
LF:1
LH:1
BRF:0
BRH:0
end_of_record
